ARM GAS  /tmp/ccTS6ZTK.s 			page 1


   1              		.cpu cortex-m3
   2              		.arch armv7-m
   3              		.fpu softvfp
   4              		.eabi_attribute 20, 1
   5              		.eabi_attribute 21, 1
   6              		.eabi_attribute 23, 3
   7              		.eabi_attribute 24, 1
   8              		.eabi_attribute 25, 1
   9              		.eabi_attribute 26, 1
  10              		.eabi_attribute 30, 1
  11              		.eabi_attribute 34, 1
  12              		.eabi_attribute 18, 4
  13              		.file	"gpio.c"
  14              		.text
  15              	.Ltext0:
  16              		.cfi_sections	.debug_frame
  17              		.file 1 "Core/Src/gpio.c"
  18              		.section	.text.MX_GPIO_Init,"ax",%progbits
  19              		.align	1
  20              		.global	MX_GPIO_Init
  21              		.syntax unified
  22              		.thumb
  23              		.thumb_func
  25              	MX_GPIO_Init:
  26              	.LFB65:
   1:Core/Src/gpio.c **** /* USER CODE BEGIN Header */
   2:Core/Src/gpio.c **** /**
   3:Core/Src/gpio.c ****   ******************************************************************************
   4:Core/Src/gpio.c ****   * @file    gpio.c
   5:Core/Src/gpio.c ****   * @brief   This file provides code for the configuration
   6:Core/Src/gpio.c ****   *          of all used GPIO pins.
   7:Core/Src/gpio.c ****   ******************************************************************************
   8:Core/Src/gpio.c ****   * @attention
   9:Core/Src/gpio.c ****   *
  10:Core/Src/gpio.c ****   * Copyright (c) 2024 STMicroelectronics.
  11:Core/Src/gpio.c ****   * All rights reserved.
  12:Core/Src/gpio.c ****   *
  13:Core/Src/gpio.c ****   * This software is licensed under terms that can be found in the LICENSE file
  14:Core/Src/gpio.c ****   * in the root directory of this software component.
  15:Core/Src/gpio.c ****   * If no LICENSE file comes with this software, it is provided AS-IS.
  16:Core/Src/gpio.c ****   *
  17:Core/Src/gpio.c ****   ******************************************************************************
  18:Core/Src/gpio.c ****   */
  19:Core/Src/gpio.c **** /* USER CODE END Header */
  20:Core/Src/gpio.c **** 
  21:Core/Src/gpio.c **** /* Includes ------------------------------------------------------------------*/
  22:Core/Src/gpio.c **** #include "gpio.h"
  23:Core/Src/gpio.c **** 
  24:Core/Src/gpio.c **** /* USER CODE BEGIN 0 */
  25:Core/Src/gpio.c **** 
  26:Core/Src/gpio.c **** /* USER CODE END 0 */
  27:Core/Src/gpio.c **** 
  28:Core/Src/gpio.c **** /*----------------------------------------------------------------------------*/
  29:Core/Src/gpio.c **** /* Configure GPIO                                                             */
  30:Core/Src/gpio.c **** /*----------------------------------------------------------------------------*/
  31:Core/Src/gpio.c **** /* USER CODE BEGIN 1 */
  32:Core/Src/gpio.c **** 
ARM GAS  /tmp/ccTS6ZTK.s 			page 2


  33:Core/Src/gpio.c **** /* USER CODE END 1 */
  34:Core/Src/gpio.c **** 
  35:Core/Src/gpio.c **** /** Configure pins as
  36:Core/Src/gpio.c ****         * Analog
  37:Core/Src/gpio.c ****         * Input
  38:Core/Src/gpio.c ****         * Output
  39:Core/Src/gpio.c ****         * EVENT_OUT
  40:Core/Src/gpio.c ****         * EXTI
  41:Core/Src/gpio.c **** */
  42:Core/Src/gpio.c **** void MX_GPIO_Init(void)
  43:Core/Src/gpio.c **** {
  27              		.loc 1 43 1 view -0
  28              		.cfi_startproc
  29              		@ args = 0, pretend = 0, frame = 32
  30              		@ frame_needed = 0, uses_anonymous_args = 0
  31 0000 00B5     		push	{lr}
  32              	.LCFI0:
  33              		.cfi_def_cfa_offset 4
  34              		.cfi_offset 14, -4
  35 0002 89B0     		sub	sp, sp, #36
  36              	.LCFI1:
  37              		.cfi_def_cfa_offset 40
  44:Core/Src/gpio.c **** 
  45:Core/Src/gpio.c ****   GPIO_InitTypeDef GPIO_InitStruct = {0};
  38              		.loc 1 45 3 view .LVU1
  39              		.loc 1 45 20 is_stmt 0 view .LVU2
  40 0004 04A9     		add	r1, sp, #16
  41 0006 0023     		movs	r3, #0
  42 0008 0493     		str	r3, [sp, #16]
  43 000a 4B60     		str	r3, [r1, #4]
  44 000c 8B60     		str	r3, [r1, #8]
  45 000e CB60     		str	r3, [r1, #12]
  46:Core/Src/gpio.c **** 
  47:Core/Src/gpio.c ****   /* GPIO Ports Clock Enable */
  48:Core/Src/gpio.c ****   __HAL_RCC_GPIOC_CLK_ENABLE();
  46              		.loc 1 48 3 is_stmt 1 view .LVU3
  47              	.LBB2:
  48              		.loc 1 48 3 view .LVU4
  49              		.loc 1 48 3 view .LVU5
  50 0010 03F18043 		add	r3, r3, #1073741824
  51 0014 03F50433 		add	r3, r3, #135168
  52 0018 9A69     		ldr	r2, [r3, #24]
  53 001a 42F01002 		orr	r2, r2, #16
  54 001e 9A61     		str	r2, [r3, #24]
  55              		.loc 1 48 3 view .LVU6
  56 0020 9A69     		ldr	r2, [r3, #24]
  57 0022 02F01002 		and	r2, r2, #16
  58 0026 0092     		str	r2, [sp]
  59              		.loc 1 48 3 view .LVU7
  60 0028 009A     		ldr	r2, [sp]
  61              	.LBE2:
  62              		.loc 1 48 3 view .LVU8
  49:Core/Src/gpio.c ****   __HAL_RCC_GPIOD_CLK_ENABLE();
  63              		.loc 1 49 3 view .LVU9
  64              	.LBB3:
  65              		.loc 1 49 3 view .LVU10
  66              		.loc 1 49 3 view .LVU11
ARM GAS  /tmp/ccTS6ZTK.s 			page 3


  67 002a 9A69     		ldr	r2, [r3, #24]
  68 002c 42F02002 		orr	r2, r2, #32
  69 0030 9A61     		str	r2, [r3, #24]
  70              		.loc 1 49 3 view .LVU12
  71 0032 9A69     		ldr	r2, [r3, #24]
  72 0034 02F02002 		and	r2, r2, #32
  73 0038 0192     		str	r2, [sp, #4]
  74              		.loc 1 49 3 view .LVU13
  75 003a 019A     		ldr	r2, [sp, #4]
  76              	.LBE3:
  77              		.loc 1 49 3 view .LVU14
  50:Core/Src/gpio.c ****   __HAL_RCC_GPIOB_CLK_ENABLE();
  78              		.loc 1 50 3 view .LVU15
  79              	.LBB4:
  80              		.loc 1 50 3 view .LVU16
  81              		.loc 1 50 3 view .LVU17
  82 003c 9A69     		ldr	r2, [r3, #24]
  83 003e 42F00802 		orr	r2, r2, #8
  84 0042 9A61     		str	r2, [r3, #24]
  85              		.loc 1 50 3 view .LVU18
  86 0044 9A69     		ldr	r2, [r3, #24]
  87 0046 02F00802 		and	r2, r2, #8
  88 004a 0292     		str	r2, [sp, #8]
  89              		.loc 1 50 3 view .LVU19
  90 004c 029A     		ldr	r2, [sp, #8]
  91              	.LBE4:
  92              		.loc 1 50 3 view .LVU20
  51:Core/Src/gpio.c ****   __HAL_RCC_GPIOA_CLK_ENABLE();
  93              		.loc 1 51 3 view .LVU21
  94              	.LBB5:
  95              		.loc 1 51 3 view .LVU22
  96              		.loc 1 51 3 view .LVU23
  97 004e 9A69     		ldr	r2, [r3, #24]
  98 0050 42F00402 		orr	r2, r2, #4
  99 0054 9A61     		str	r2, [r3, #24]
 100              		.loc 1 51 3 view .LVU24
 101 0056 9B69     		ldr	r3, [r3, #24]
 102 0058 03F00403 		and	r3, r3, #4
 103 005c 0393     		str	r3, [sp, #12]
 104              		.loc 1 51 3 view .LVU25
 105 005e 039B     		ldr	r3, [sp, #12]
 106              	.LBE5:
 107              		.loc 1 51 3 view .LVU26
  52:Core/Src/gpio.c **** 
  53:Core/Src/gpio.c ****   /*Configure GPIO pin : PB12 */
  54:Core/Src/gpio.c ****   GPIO_InitStruct.Pin = GPIO_PIN_12;
 108              		.loc 1 54 3 view .LVU27
 109              		.loc 1 54 23 is_stmt 0 view .LVU28
 110 0060 4FF48053 		mov	r3, #4096
 111 0064 0493     		str	r3, [sp, #16]
  55:Core/Src/gpio.c ****   GPIO_InitStruct.Mode = GPIO_MODE_INPUT;
 112              		.loc 1 55 3 is_stmt 1 view .LVU29
  56:Core/Src/gpio.c ****   GPIO_InitStruct.Pull = GPIO_NOPULL;
 113              		.loc 1 56 3 view .LVU30
  57:Core/Src/gpio.c ****   HAL_GPIO_Init(GPIOB, &GPIO_InitStruct);
 114              		.loc 1 57 3 view .LVU31
 115 0066 0348     		ldr	r0, .L3
ARM GAS  /tmp/ccTS6ZTK.s 			page 4


 116 0068 FFF7FEFF 		bl	HAL_GPIO_Init
 117              	.LVL0:
  58:Core/Src/gpio.c **** 
  59:Core/Src/gpio.c **** }
 118              		.loc 1 59 1 is_stmt 0 view .LVU32
 119 006c 09B0     		add	sp, sp, #36
 120              	.LCFI2:
 121              		.cfi_def_cfa_offset 4
 122              		@ sp needed
 123 006e 5DF804FB 		ldr	pc, [sp], #4
 124              	.L4:
 125 0072 00BF     		.align	2
 126              	.L3:
 127 0074 000C0140 		.word	1073810432
 128              		.cfi_endproc
 129              	.LFE65:
 131              		.text
 132              	.Letext0:
 133              		.file 2 "/usr/arm-none-eabi/include/machine/_default_types.h"
 134              		.file 3 "/usr/arm-none-eabi/include/sys/_stdint.h"
 135              		.file 4 "Drivers/CMSIS/Device/ST/STM32F1xx/Include/stm32f103xb.h"
 136              		.file 5 "Drivers/STM32F1xx_HAL_Driver/Inc/stm32f1xx_hal_gpio.h"
ARM GAS  /tmp/ccTS6ZTK.s 			page 5


DEFINED SYMBOLS
                            *ABS*:00000000 gpio.c
     /tmp/ccTS6ZTK.s:19     .text.MX_GPIO_Init:00000000 $t
     /tmp/ccTS6ZTK.s:25     .text.MX_GPIO_Init:00000000 MX_GPIO_Init
     /tmp/ccTS6ZTK.s:127    .text.MX_GPIO_Init:00000074 $d

UNDEFINED SYMBOLS
HAL_GPIO_Init
