ARM GAS  /tmp/cctjzuSs.s 			page 1


   1              		.cpu cortex-m3
   2              		.arch armv7-m
   3              		.fpu softvfp
   4              		.eabi_attribute 20, 1
   5              		.eabi_attribute 21, 1
   6              		.eabi_attribute 23, 3
   7              		.eabi_attribute 24, 1
   8              		.eabi_attribute 25, 1
   9              		.eabi_attribute 26, 1
  10              		.eabi_attribute 30, 1
  11              		.eabi_attribute 34, 1
  12              		.eabi_attribute 18, 4
  13              		.file	"lcd1602.c"
  14              		.text
  15              	.Ltext0:
  16              		.cfi_sections	.debug_frame
  17              		.file 1 "Core/Src/lcd1602.c"
  18              		.section	.text.LCD_Write_Command,"ax",%progbits
  19              		.align	1
  20              		.global	LCD_Write_Command
  21              		.syntax unified
  22              		.thumb
  23              		.thumb_func
  25              	LCD_Write_Command:
  26              	.LVL0:
  27              	.LFB67:
   1:Core/Src/lcd1602.c **** /************************************************************************
   2:Core/Src/lcd1602.c ****  * lcd1602.c
   3:Core/Src/lcd1602.c ****  *
   4:Core/Src/lcd1602.c ****  ************************************************************************/
   5:Core/Src/lcd1602.c **** 
   6:Core/Src/lcd1602.c **** #include "Delay.h"
   7:Core/Src/lcd1602.c **** #include "lcd1602.h"
   8:Core/Src/lcd1602.c **** #include "main.h"
   9:Core/Src/lcd1602.c **** 
  10:Core/Src/lcd1602.c **** /* initialize the LCD module */
  11:Core/Src/lcd1602.c **** /* define macros for LCD instructions*/
  12:Core/Src/lcd1602.c **** #define LCD_IDLE 0x33
  13:Core/Src/lcd1602.c **** #define LCD_2_LINE_4_BITS 0x28
  14:Core/Src/lcd1602.c **** #define LCD_2_LINE_8_BITS 0x38
  15:Core/Src/lcd1602.c **** // cursor enabled
  16:Core/Src/lcd1602.c **** // #define LCD_DSP_CSR 0x0f
  17:Core/Src/lcd1602.c **** // cursor dissabled
  18:Core/Src/lcd1602.c **** #define LCD_DSP_CSR 0x0f
  19:Core/Src/lcd1602.c **** #define LCD_CLR_DSP 0x01
  20:Core/Src/lcd1602.c **** #define LCD_CSR_INC 0x06
  21:Core/Src/lcd1602.c **** #define LCD_SFT_MOV 0x14
  22:Core/Src/lcd1602.c **** 
  23:Core/Src/lcd1602.c **** void LCD_init(void) // LCD初始化函数
  24:Core/Src/lcd1602.c **** {
  25:Core/Src/lcd1602.c ****   //	Delay_ms(15);
  26:Core/Src/lcd1602.c ****   //	HAL_GPIO_WritePin(GPIOB,LCD_RS_Pin, GPIO_PIN_RESET); // LCD_RS = 0,send
  27:Core/Src/lcd1602.c ****   // Command 	LCD_PORT = LCD_IDLE; //function set -8 bit interface
  28:Core/Src/lcd1602.c ****   // Delay_ms(5);
  29:Core/Src/lcd1602.c ****   ////wait for 5 ms 	LCD_PORT = LCD_IDLE;	//function set -8 bit interface
  30:Core/Src/lcd1602.c ****   //	Delay_us(100);			//wait for 100us
  31:Core/Src/lcd1602.c ****   //	LCD_PORT = LCD_IDLE;  // function set
ARM GAS  /tmp/cctjzuSs.s 			page 2


  32:Core/Src/lcd1602.c ****   //	Delay_ms(5);
  33:Core/Src/lcd1602.c ****   //	LCD_PORT = LCD_IDLE;
  34:Core/Src/lcd1602.c ****   //	Delay_us(100);
  35:Core/Src/lcd1602.c **** 
  36:Core/Src/lcd1602.c ****   // LCD_Write_Command(0x38);
  37:Core/Src/lcd1602.c ****   LCD_Write_Command(LCD_2_LINE_8_BITS); // 显示模式设置,8位显示模式
  38:Core/Src/lcd1602.c ****   Delay_ms(5); // 显示模式设置,8位显示模式，两行数据
  39:Core/Src/lcd1602.c ****   LCD_Write_Command(LCD_2_LINE_8_BITS); // 显示模式设置,8位显示模式
  40:Core/Src/lcd1602.c ****   // LCD_Write_Command(0x08); // BJ 关闭显示；显示开关及光标指令设置；
  41:Core/Src/lcd1602.c ****   // LCD_Write_Command(LCD_2_LINE_8_BITS);//显示模式设置,8位显示模式
  42:Core/Src/lcd1602.c **** 
  43:Core/Src/lcd1602.c ****   // LCD_Write_Command(0x01);
  44:Core/Src/lcd1602.c ****   LCD_Write_Command(LCD_CLR_DSP); // 显示清屏
  45:Core/Src/lcd1602.c ****   Delay_us(100);
  46:Core/Src/lcd1602.c ****   // LCD_Write_Command(0x06);
  47:Core/Src/lcd1602.c ****   LCD_Write_Command(LCD_CSR_INC); // 显示光标右移
  48:Core/Src/lcd1602.c ****   Delay_us(100);
  49:Core/Src/lcd1602.c ****   // LCD_Write_Command(0x0c);
  50:Core/Src/lcd1602.c ****   LCD_Write_Command(LCD_DSP_CSR); // 显示开,光标关，光标闪烁关
  51:Core/Src/lcd1602.c **** }
  52:Core/Src/lcd1602.c **** 
  53:Core/Src/lcd1602.c **** void LCD_Clear(void) {
  54:Core/Src/lcd1602.c ****   LCD_Write_Command(0x01); //
  55:Core/Src/lcd1602.c **** }
  56:Core/Src/lcd1602.c **** 
  57:Core/Src/lcd1602.c **** /*****
  58:Core/Src/lcd1602.c **** * RS:  高电平，表示写的是数据data（LCD屏幕显示数据）;
  59:Core/Src/lcd1602.c ****            低电平： 表示写的是命令command（向LCD内部寄存器中数据）;
  60:Core/Src/lcd1602.c **** * R/~W : 低电平， 向LCD1602 写；
  61:Core/Src/lcd1602.c ****          高电平， 从LCD1602 读
  62:Core/Src/lcd1602.c **** * E : 高电平使能信号
  63:Core/Src/lcd1602.c **** *DB0~DB7 数据总线
  64:Core/Src/lcd1602.c **** *  LCD  RS  RW		意思
  65:Core/Src/lcd1602.c **** *		0	0		写命令
  66:Core/Src/lcd1602.c **** *		0   1       读命令
  67:Core/Src/lcd1602.c **** *		1   0		写数据
  68:Core/Src/lcd1602.c **** *		1   1       读数据
  69:Core/Src/lcd1602.c **** *
  70:Core/Src/lcd1602.c **** */
  71:Core/Src/lcd1602.c **** 
  72:Core/Src/lcd1602.c **** void LCD_Write_Command(uchar Com) {
  28              		.loc 1 72 35 view -0
  29              		.cfi_startproc
  30              		@ args = 0, pretend = 0, frame = 0
  31              		@ frame_needed = 0, uses_anonymous_args = 0
  32              		.loc 1 72 35 is_stmt 0 view .LVU1
  33 0000 38B5     		push	{r3, r4, r5, lr}
  34              	.LCFI0:
  35              		.cfi_def_cfa_offset 16
  36              		.cfi_offset 3, -16
  37              		.cfi_offset 4, -12
  38              		.cfi_offset 5, -8
  39              		.cfi_offset 14, -4
  40 0002 0546     		mov	r5, r0
  73:Core/Src/lcd1602.c ****   // while(lcd_read_state());
  74:Core/Src/lcd1602.c ****   Delay_ms(10);
  41              		.loc 1 74 3 is_stmt 1 view .LVU2
ARM GAS  /tmp/cctjzuSs.s 			page 3


  42 0004 0A20     		movs	r0, #10
  43              	.LVL1:
  44              		.loc 1 74 3 is_stmt 0 view .LVU3
  45 0006 FFF7FEFF 		bl	Delay_ms
  46              	.LVL2:
  75:Core/Src/lcd1602.c ****   //	unsigned int Read_Dat = 0; //BJ
  76:Core/Src/lcd1602.c **** 
  77:Core/Src/lcd1602.c ****   HAL_GPIO_WritePin(GPIOB, LCD_RS_Pin, GPIO_PIN_RESET); // LCD_RS = 0;
  47              		.loc 1 77 3 is_stmt 1 view .LVU4
  48 000a 114C     		ldr	r4, .L3
  49 000c 0022     		movs	r2, #0
  50 000e 4FF48051 		mov	r1, #4096
  51 0012 2046     		mov	r0, r4
  52 0014 FFF7FEFF 		bl	HAL_GPIO_WritePin
  53              	.LVL3:
  78:Core/Src/lcd1602.c ****   HAL_GPIO_WritePin(GPIOB, LCD_RW_Pin, GPIO_PIN_RESET); //	LCD_RW = 0;
  54              		.loc 1 78 3 view .LVU5
  55 0018 0022     		movs	r2, #0
  56 001a 4FF40051 		mov	r1, #8192
  57 001e 2046     		mov	r0, r4
  58 0020 FFF7FEFF 		bl	HAL_GPIO_WritePin
  59              	.LVL4:
  79:Core/Src/lcd1602.c ****   HAL_GPIO_WritePin(GPIOB, LCD_E_Pin, GPIO_PIN_SET);    // LCD_E_Pin = 1;
  60              		.loc 1 79 3 view .LVU6
  61 0024 0122     		movs	r2, #1
  62 0026 4FF48041 		mov	r1, #16384
  63 002a 2046     		mov	r0, r4
  64 002c FFF7FEFF 		bl	HAL_GPIO_WritePin
  65              	.LVL5:
  80:Core/Src/lcd1602.c ****   Delay_ms(1);
  66              		.loc 1 80 3 view .LVU7
  67 0030 0120     		movs	r0, #1
  68 0032 FFF7FEFF 		bl	Delay_ms
  69              	.LVL6:
  81:Core/Src/lcd1602.c **** 
  82:Core/Src/lcd1602.c ****   LCD_PORT = Com;
  70              		.loc 1 82 3 view .LVU8
  71              		.loc 1 82 12 is_stmt 0 view .LVU9
  72 0036 074B     		ldr	r3, .L3+4
  73 0038 DD60     		str	r5, [r3, #12]
  83:Core/Src/lcd1602.c **** 
  84:Core/Src/lcd1602.c ****   HAL_GPIO_WritePin(GPIOB, LCD_E_Pin, GPIO_PIN_RESET); // LCD_E_Pin =0;
  74              		.loc 1 84 3 is_stmt 1 view .LVU10
  75 003a 0022     		movs	r2, #0
  76 003c 4FF48041 		mov	r1, #16384
  77 0040 2046     		mov	r0, r4
  78 0042 FFF7FEFF 		bl	HAL_GPIO_WritePin
  79              	.LVL7:
  85:Core/Src/lcd1602.c ****   Delay_ms(1);                                         // 延时tpw;
  80              		.loc 1 85 3 view .LVU11
  81 0046 0120     		movs	r0, #1
  82 0048 FFF7FEFF 		bl	Delay_ms
  83              	.LVL8:
  86:Core/Src/lcd1602.c ****   // HAL_GPIO_WritePin(GPIOB,LCD_E_Pin, GPIO_PIN_SET);  //LCD_E_Pin = 1;
  87:Core/Src/lcd1602.c ****   // Delay_ms(1);//延时tpw;
  88:Core/Src/lcd1602.c ****   // HAL_GPIO_WritePin(GPIOB,LCD_E_Pin, GPIO_PIN_RESET);  //LCD_E_Pin = 0,
  89:Core/Src/lcd1602.c ****   // DB0~DB7 Validate
ARM GAS  /tmp/cctjzuSs.s 			page 4


  90:Core/Src/lcd1602.c **** }
  84              		.loc 1 90 1 is_stmt 0 view .LVU12
  85 004c 38BD     		pop	{r3, r4, r5, pc}
  86              	.LVL9:
  87              	.L4:
  88              		.loc 1 90 1 view .LVU13
  89 004e 00BF     		.align	2
  90              	.L3:
  91 0050 000C0140 		.word	1073810432
  92 0054 00080140 		.word	1073809408
  93              		.cfi_endproc
  94              	.LFE67:
  96              		.section	.text.LCD_init,"ax",%progbits
  97              		.align	1
  98              		.global	LCD_init
  99              		.syntax unified
 100              		.thumb
 101              		.thumb_func
 103              	LCD_init:
 104              	.LFB65:
  24:Core/Src/lcd1602.c ****   //	Delay_ms(15);
 105              		.loc 1 24 1 is_stmt 1 view -0
 106              		.cfi_startproc
 107              		@ args = 0, pretend = 0, frame = 0
 108              		@ frame_needed = 0, uses_anonymous_args = 0
 109 0000 08B5     		push	{r3, lr}
 110              	.LCFI1:
 111              		.cfi_def_cfa_offset 8
 112              		.cfi_offset 3, -8
 113              		.cfi_offset 14, -4
  37:Core/Src/lcd1602.c ****   Delay_ms(5); // 显示模式设置,8位显示模式，两行数据
 114              		.loc 1 37 3 view .LVU15
 115 0002 3820     		movs	r0, #56
 116 0004 FFF7FEFF 		bl	LCD_Write_Command
 117              	.LVL10:
  38:Core/Src/lcd1602.c ****   LCD_Write_Command(LCD_2_LINE_8_BITS); // 显示模式设置,8位显示模式
 118              		.loc 1 38 3 view .LVU16
 119 0008 0520     		movs	r0, #5
 120 000a FFF7FEFF 		bl	Delay_ms
 121              	.LVL11:
  39:Core/Src/lcd1602.c ****   // LCD_Write_Command(0x08); // BJ 关闭显示；显示开关及光标指令设置；
 122              		.loc 1 39 3 view .LVU17
 123 000e 3820     		movs	r0, #56
 124 0010 FFF7FEFF 		bl	LCD_Write_Command
 125              	.LVL12:
  44:Core/Src/lcd1602.c ****   Delay_us(100);
 126              		.loc 1 44 3 view .LVU18
 127 0014 0120     		movs	r0, #1
 128 0016 FFF7FEFF 		bl	LCD_Write_Command
 129              	.LVL13:
  45:Core/Src/lcd1602.c ****   // LCD_Write_Command(0x06);
 130              		.loc 1 45 3 view .LVU19
 131 001a 6420     		movs	r0, #100
 132 001c FFF7FEFF 		bl	Delay_us
 133              	.LVL14:
  47:Core/Src/lcd1602.c ****   Delay_us(100);
 134              		.loc 1 47 3 view .LVU20
ARM GAS  /tmp/cctjzuSs.s 			page 5


 135 0020 0620     		movs	r0, #6
 136 0022 FFF7FEFF 		bl	LCD_Write_Command
 137              	.LVL15:
  48:Core/Src/lcd1602.c ****   // LCD_Write_Command(0x0c);
 138              		.loc 1 48 3 view .LVU21
 139 0026 6420     		movs	r0, #100
 140 0028 FFF7FEFF 		bl	Delay_us
 141              	.LVL16:
  50:Core/Src/lcd1602.c **** }
 142              		.loc 1 50 3 view .LVU22
 143 002c 0F20     		movs	r0, #15
 144 002e FFF7FEFF 		bl	LCD_Write_Command
 145              	.LVL17:
  51:Core/Src/lcd1602.c **** 
 146              		.loc 1 51 1 is_stmt 0 view .LVU23
 147 0032 08BD     		pop	{r3, pc}
 148              		.cfi_endproc
 149              	.LFE65:
 151              		.section	.text.LCD_Clear,"ax",%progbits
 152              		.align	1
 153              		.global	LCD_Clear
 154              		.syntax unified
 155              		.thumb
 156              		.thumb_func
 158              	LCD_Clear:
 159              	.LFB66:
  53:Core/Src/lcd1602.c ****   LCD_Write_Command(0x01); //
 160              		.loc 1 53 22 is_stmt 1 view -0
 161              		.cfi_startproc
 162              		@ args = 0, pretend = 0, frame = 0
 163              		@ frame_needed = 0, uses_anonymous_args = 0
 164 0000 08B5     		push	{r3, lr}
 165              	.LCFI2:
 166              		.cfi_def_cfa_offset 8
 167              		.cfi_offset 3, -8
 168              		.cfi_offset 14, -4
  54:Core/Src/lcd1602.c **** }
 169              		.loc 1 54 3 view .LVU25
 170 0002 0120     		movs	r0, #1
 171 0004 FFF7FEFF 		bl	LCD_Write_Command
 172              	.LVL18:
  55:Core/Src/lcd1602.c **** 
 173              		.loc 1 55 1 is_stmt 0 view .LVU26
 174 0008 08BD     		pop	{r3, pc}
 175              		.cfi_endproc
 176              	.LFE66:
 178              		.section	.text.LCD_Write_Data,"ax",%progbits
 179              		.align	1
 180              		.global	LCD_Write_Data
 181              		.syntax unified
 182              		.thumb
 183              		.thumb_func
 185              	LCD_Write_Data:
 186              	.LVL19:
 187              	.LFB68:
  91:Core/Src/lcd1602.c **** 
  92:Core/Src/lcd1602.c **** void LCD_Write_Data(uchar dat) {
ARM GAS  /tmp/cctjzuSs.s 			page 6


 188              		.loc 1 92 32 is_stmt 1 view -0
 189              		.cfi_startproc
 190              		@ args = 0, pretend = 0, frame = 0
 191              		@ frame_needed = 0, uses_anonymous_args = 0
 192              		.loc 1 92 32 is_stmt 0 view .LVU28
 193 0000 38B5     		push	{r3, r4, r5, lr}
 194              	.LCFI3:
 195              		.cfi_def_cfa_offset 16
 196              		.cfi_offset 3, -16
 197              		.cfi_offset 4, -12
 198              		.cfi_offset 5, -8
 199              		.cfi_offset 14, -4
 200 0002 0546     		mov	r5, r0
  93:Core/Src/lcd1602.c ****   Delay_ms(1);
 201              		.loc 1 93 3 is_stmt 1 view .LVU29
 202 0004 0120     		movs	r0, #1
 203              	.LVL20:
 204              		.loc 1 93 3 is_stmt 0 view .LVU30
 205 0006 FFF7FEFF 		bl	Delay_ms
 206              	.LVL21:
  94:Core/Src/lcd1602.c **** 
  95:Core/Src/lcd1602.c ****   HAL_GPIO_WritePin(GPIOB, LCD_RS_Pin, GPIO_PIN_SET);   // LCD_RS = 1;
 207              		.loc 1 95 3 is_stmt 1 view .LVU31
 208 000a 0F4C     		ldr	r4, .L11
 209 000c 0122     		movs	r2, #1
 210 000e 4FF48051 		mov	r1, #4096
 211 0012 2046     		mov	r0, r4
 212 0014 FFF7FEFF 		bl	HAL_GPIO_WritePin
 213              	.LVL22:
  96:Core/Src/lcd1602.c ****   HAL_GPIO_WritePin(GPIOB, LCD_RW_Pin, GPIO_PIN_RESET); //	LCD_RW = 0;
 214              		.loc 1 96 3 view .LVU32
 215 0018 0022     		movs	r2, #0
 216 001a 4FF40051 		mov	r1, #8192
 217 001e 2046     		mov	r0, r4
 218 0020 FFF7FEFF 		bl	HAL_GPIO_WritePin
 219              	.LVL23:
  97:Core/Src/lcd1602.c ****   HAL_GPIO_WritePin(GPIOB, LCD_E_Pin, GPIO_PIN_SET);    // LCD_E_Pin = 1;
 220              		.loc 1 97 3 view .LVU33
 221 0024 0122     		movs	r2, #1
 222 0026 4FF48041 		mov	r1, #16384
 223 002a 2046     		mov	r0, r4
 224 002c FFF7FEFF 		bl	HAL_GPIO_WritePin
 225              	.LVL24:
  98:Core/Src/lcd1602.c ****   // Delay_ms(1);
  99:Core/Src/lcd1602.c **** 
 100:Core/Src/lcd1602.c ****   LCD_PORT = dat; // put data on the bus
 226              		.loc 1 100 3 view .LVU34
 227              		.loc 1 100 12 is_stmt 0 view .LVU35
 228 0030 064B     		ldr	r3, .L11+4
 229 0032 DD60     		str	r5, [r3, #12]
 101:Core/Src/lcd1602.c **** 
 102:Core/Src/lcd1602.c ****   HAL_GPIO_WritePin(GPIOB, LCD_E_Pin, GPIO_PIN_RESET); // Set LCD_E = 0;
 230              		.loc 1 102 3 is_stmt 1 view .LVU36
 231 0034 0022     		movs	r2, #0
 232 0036 4FF48041 		mov	r1, #16384
 233 003a 2046     		mov	r0, r4
 234 003c FFF7FEFF 		bl	HAL_GPIO_WritePin
ARM GAS  /tmp/cctjzuSs.s 			page 7


 235              	.LVL25:
 103:Core/Src/lcd1602.c **** 
 104:Core/Src/lcd1602.c ****   Delay_ms(1); // wait for tpw;
 236              		.loc 1 104 3 view .LVU37
 237 0040 0120     		movs	r0, #1
 238 0042 FFF7FEFF 		bl	Delay_ms
 239              	.LVL26:
 105:Core/Src/lcd1602.c **** }
 240              		.loc 1 105 1 is_stmt 0 view .LVU38
 241 0046 38BD     		pop	{r3, r4, r5, pc}
 242              	.LVL27:
 243              	.L12:
 244              		.loc 1 105 1 view .LVU39
 245              		.align	2
 246              	.L11:
 247 0048 000C0140 		.word	1073810432
 248 004c 00080140 		.word	1073809408
 249              		.cfi_endproc
 250              	.LFE68:
 252              		.section	.text.LCD_Set_Position,"ax",%progbits
 253              		.align	1
 254              		.global	LCD_Set_Position
 255              		.syntax unified
 256              		.thumb
 257              		.thumb_func
 259              	LCD_Set_Position:
 260              	.LVL28:
 261              	.LFB69:
 106:Core/Src/lcd1602.c **** 
 107:Core/Src/lcd1602.c **** void LCD_Set_Position(uchar x, uchar y) {
 262              		.loc 1 107 41 is_stmt 1 view -0
 263              		.cfi_startproc
 264              		@ args = 0, pretend = 0, frame = 0
 265              		@ frame_needed = 0, uses_anonymous_args = 0
 266              		.loc 1 107 41 is_stmt 0 view .LVU41
 267 0000 08B5     		push	{r3, lr}
 268              	.LCFI4:
 269              		.cfi_def_cfa_offset 8
 270              		.cfi_offset 3, -8
 271              		.cfi_offset 14, -4
 108:Core/Src/lcd1602.c ****   if (y == 0) // 第一行开始显示
 272              		.loc 1 108 3 is_stmt 1 view .LVU42
 273              		.loc 1 108 6 is_stmt 0 view .LVU43
 274 0002 11B1     		cbz	r1, .L17
 109:Core/Src/lcd1602.c ****   {
 110:Core/Src/lcd1602.c ****     LCD_Write_Command(0x80 + x);
 111:Core/Src/lcd1602.c ****   } else if (y == 1) // 第二行开始显示
 275              		.loc 1 111 10 is_stmt 1 view .LVU44
 276              		.loc 1 111 13 is_stmt 0 view .LVU45
 277 0004 0129     		cmp	r1, #1
 278 0006 05D0     		beq	.L18
 279              	.LVL29:
 280              	.L13:
 112:Core/Src/lcd1602.c ****   {
 113:Core/Src/lcd1602.c ****     LCD_Write_Command(0xc0 + x);
 114:Core/Src/lcd1602.c ****   }
 115:Core/Src/lcd1602.c **** }
ARM GAS  /tmp/cctjzuSs.s 			page 8


 281              		.loc 1 115 1 view .LVU46
 282 0008 08BD     		pop	{r3, pc}
 283              	.LVL30:
 284              	.L17:
 110:Core/Src/lcd1602.c ****   } else if (y == 1) // 第二行开始显示
 285              		.loc 1 110 5 is_stmt 1 view .LVU47
 286 000a 80F08000 		eor	r0, r0, #128
 287              	.LVL31:
 110:Core/Src/lcd1602.c ****   } else if (y == 1) // 第二行开始显示
 288              		.loc 1 110 5 is_stmt 0 view .LVU48
 289 000e FFF7FEFF 		bl	LCD_Write_Command
 290              	.LVL32:
 110:Core/Src/lcd1602.c ****   } else if (y == 1) // 第二行开始显示
 291              		.loc 1 110 5 view .LVU49
 292 0012 F9E7     		b	.L13
 293              	.LVL33:
 294              	.L18:
 113:Core/Src/lcd1602.c ****   }
 295              		.loc 1 113 5 is_stmt 1 view .LVU50
 296 0014 4038     		subs	r0, r0, #64
 297              	.LVL34:
 113:Core/Src/lcd1602.c ****   }
 298              		.loc 1 113 5 is_stmt 0 view .LVU51
 299 0016 C0B2     		uxtb	r0, r0
 300 0018 FFF7FEFF 		bl	LCD_Write_Command
 301              	.LVL35:
 302              		.loc 1 115 1 view .LVU52
 303 001c F4E7     		b	.L13
 304              		.cfi_endproc
 305              	.LFE69:
 307              		.section	.text.LCD_Display_Char,"ax",%progbits
 308              		.align	1
 309              		.global	LCD_Display_Char
 310              		.syntax unified
 311              		.thumb
 312              		.thumb_func
 314              	LCD_Display_Char:
 315              	.LVL36:
 316              	.LFB70:
 116:Core/Src/lcd1602.c **** 
 117:Core/Src/lcd1602.c **** void LCD_Display_Char(uchar Char, uchar x, uchar y) // 显示字符ASCII码
 118:Core/Src/lcd1602.c **** {
 317              		.loc 1 118 1 is_stmt 1 view -0
 318              		.cfi_startproc
 319              		@ args = 0, pretend = 0, frame = 0
 320              		@ frame_needed = 0, uses_anonymous_args = 0
 321              		.loc 1 118 1 is_stmt 0 view .LVU54
 322 0000 10B5     		push	{r4, lr}
 323              	.LCFI5:
 324              		.cfi_def_cfa_offset 8
 325              		.cfi_offset 4, -8
 326              		.cfi_offset 14, -4
 327 0002 0446     		mov	r4, r0
 328 0004 0846     		mov	r0, r1
 329              	.LVL37:
 119:Core/Src/lcd1602.c ****   LCD_Set_Position(x, y);
 330              		.loc 1 119 3 is_stmt 1 view .LVU55
ARM GAS  /tmp/cctjzuSs.s 			page 9


 331 0006 1146     		mov	r1, r2
 332              	.LVL38:
 333              		.loc 1 119 3 is_stmt 0 view .LVU56
 334 0008 FFF7FEFF 		bl	LCD_Set_Position
 335              	.LVL39:
 120:Core/Src/lcd1602.c ****   LCD_Write_Data(Char);
 336              		.loc 1 120 3 is_stmt 1 view .LVU57
 337 000c 2046     		mov	r0, r4
 338 000e FFF7FEFF 		bl	LCD_Write_Data
 339              	.LVL40:
 121:Core/Src/lcd1602.c **** }
 340              		.loc 1 121 1 is_stmt 0 view .LVU58
 341 0012 10BD     		pop	{r4, pc}
 342              		.loc 1 121 1 view .LVU59
 343              		.cfi_endproc
 344              	.LFE70:
 346              		.section	.text.LCD_Display_String,"ax",%progbits
 347              		.align	1
 348              		.global	LCD_Display_String
 349              		.syntax unified
 350              		.thumb
 351              		.thumb_func
 353              	LCD_Display_String:
 354              	.LVL41:
 355              	.LFB71:
 122:Core/Src/lcd1602.c **** void LCD_Display_String(uchar x, uchar y, uchar *str) {
 356              		.loc 1 122 55 is_stmt 1 view -0
 357              		.cfi_startproc
 358              		@ args = 0, pretend = 0, frame = 0
 359              		@ frame_needed = 0, uses_anonymous_args = 0
 360              		.loc 1 122 55 is_stmt 0 view .LVU61
 361 0000 10B5     		push	{r4, lr}
 362              	.LCFI6:
 363              		.cfi_def_cfa_offset 8
 364              		.cfi_offset 4, -8
 365              		.cfi_offset 14, -4
 366 0002 1446     		mov	r4, r2
 123:Core/Src/lcd1602.c ****   LCD_Set_Position(x, y); // 当前字符的坐标（调用了坐标显示函数）
 367              		.loc 1 123 3 is_stmt 1 view .LVU62
 368 0004 FFF7FEFF 		bl	LCD_Set_Position
 369              	.LVL42:
 124:Core/Src/lcd1602.c ****   // while(str[i] !='\0')   //‘\0'判断字符串是否结束标志
 125:Core/Src/lcd1602.c ****   while (*str != '\0') {
 370              		.loc 1 125 3 view .LVU63
 371              		.loc 1 125 9 is_stmt 0 view .LVU64
 372 0008 02E0     		b	.L22
 373              	.L23:
 126:Core/Src/lcd1602.c ****     // LCD_Write_Data(str[i]); //写入内容对应的ASCII用于显示
 127:Core/Src/lcd1602.c ****     LCD_Write_Data(*str++);
 374              		.loc 1 127 5 is_stmt 1 view .LVU65
 375              		.loc 1 127 24 is_stmt 0 view .LVU66
 376 000a 0134     		adds	r4, r4, #1
 377              	.LVL43:
 378              		.loc 1 127 5 view .LVU67
 379 000c FFF7FEFF 		bl	LCD_Write_Data
 380              	.LVL44:
 381              	.L22:
ARM GAS  /tmp/cctjzuSs.s 			page 10


 125:Core/Src/lcd1602.c ****     // LCD_Write_Data(str[i]); //写入内容对应的ASCII用于显示
 382              		.loc 1 125 15 is_stmt 1 view .LVU68
 125:Core/Src/lcd1602.c ****     // LCD_Write_Data(str[i]); //写入内容对应的ASCII用于显示
 383              		.loc 1 125 10 is_stmt 0 view .LVU69
 384 0010 2078     		ldrb	r0, [r4]	@ zero_extendqisi2
 125:Core/Src/lcd1602.c ****     // LCD_Write_Data(str[i]); //写入内容对应的ASCII用于显示
 385              		.loc 1 125 15 view .LVU70
 386 0012 0028     		cmp	r0, #0
 387 0014 F9D1     		bne	.L23
 128:Core/Src/lcd1602.c ****     // i++;
 129:Core/Src/lcd1602.c ****   }
 130:Core/Src/lcd1602.c **** }
 388              		.loc 1 130 1 view .LVU71
 389 0016 10BD     		pop	{r4, pc}
 390              		.loc 1 130 1 view .LVU72
 391              		.cfi_endproc
 392              	.LFE71:
 394              		.text
 395              	.Letext0:
 396              		.file 2 "/usr/arm-none-eabi/include/machine/_default_types.h"
 397              		.file 3 "/usr/arm-none-eabi/include/sys/_stdint.h"
 398              		.file 4 "Drivers/CMSIS/Device/ST/STM32F1xx/Include/stm32f103xb.h"
 399              		.file 5 "Drivers/STM32F1xx_HAL_Driver/Inc/stm32f1xx_hal_gpio.h"
 400              		.file 6 "Core/Inc/lcd1602.h"
 401              		.file 7 "Core/Inc/Delay.h"
ARM GAS  /tmp/cctjzuSs.s 			page 11


DEFINED SYMBOLS
                            *ABS*:00000000 lcd1602.c
     /tmp/cctjzuSs.s:19     .text.LCD_Write_Command:00000000 $t
     /tmp/cctjzuSs.s:25     .text.LCD_Write_Command:00000000 LCD_Write_Command
     /tmp/cctjzuSs.s:91     .text.LCD_Write_Command:00000050 $d
     /tmp/cctjzuSs.s:97     .text.LCD_init:00000000 $t
     /tmp/cctjzuSs.s:103    .text.LCD_init:00000000 LCD_init
     /tmp/cctjzuSs.s:152    .text.LCD_Clear:00000000 $t
     /tmp/cctjzuSs.s:158    .text.LCD_Clear:00000000 LCD_Clear
     /tmp/cctjzuSs.s:179    .text.LCD_Write_Data:00000000 $t
     /tmp/cctjzuSs.s:185    .text.LCD_Write_Data:00000000 LCD_Write_Data
     /tmp/cctjzuSs.s:247    .text.LCD_Write_Data:00000048 $d
     /tmp/cctjzuSs.s:253    .text.LCD_Set_Position:00000000 $t
     /tmp/cctjzuSs.s:259    .text.LCD_Set_Position:00000000 LCD_Set_Position
     /tmp/cctjzuSs.s:308    .text.LCD_Display_Char:00000000 $t
     /tmp/cctjzuSs.s:314    .text.LCD_Display_Char:00000000 LCD_Display_Char
     /tmp/cctjzuSs.s:347    .text.LCD_Display_String:00000000 $t
     /tmp/cctjzuSs.s:353    .text.LCD_Display_String:00000000 LCD_Display_String

UNDEFINED SYMBOLS
Delay_ms
HAL_GPIO_WritePin
Delay_us
